0 info it worked if it ends with ok
1 verbose cli [ 'C:\\Program Files\\nodejs\\node.exe',
1 verbose cli   'C:\\Program Files\\nodejs\\node_modules\\npm\\bin\\npm-cli.js',
1 verbose cli   'install',
1 verbose cli   'jspdf' ]
2 info using npm@2.15.9
3 info using node@v4.6.0
4 verbose install initial load of C:\Users\user\Documents\Proyectos\tdm_manager\package.json
5 verbose installManyTop reading scoped package data from C:\Users\user\Documents\Proyectos\tdm_manager\node_modules\angular\package.json
6 verbose installManyTop reading scoped package data from C:\Users\user\Documents\Proyectos\tdm_manager\node_modules\angular-1.5.8\package.json
7 verbose installManyTop reading scoped package data from C:\Users\user\Documents\Proyectos\tdm_manager\node_modules\angular-animate\package.json
8 verbose installManyTop reading scoped package data from C:\Users\user\Documents\Proyectos\tdm_manager\node_modules\angular-aria\package.json
9 verbose installManyTop reading scoped package data from C:\Users\user\Documents\Proyectos\tdm_manager\node_modules\angular-material\package.json
10 verbose installManyTop reading scoped package data from C:\Users\user\Documents\Proyectos\tdm_manager\node_modules\bootstrap\package.json
11 verbose installManyTop reading scoped package data from C:\Users\user\Documents\Proyectos\tdm_manager\node_modules\jquery\package.json
12 verbose installManyTop reading scoped package data from C:\Users\user\Documents\Proyectos\tdm_manager\node_modules\xlsx\package.json
13 info package.json bootstrap@3.3.4 license should be a valid SPDX license expression
14 info package.json angular-material@1.1.1 No license field.
15 info package.json jquery@2.1.4 No license field.
16 verbose readDependencies loading dependencies from C:\Users\user\Documents\Proyectos\tdm_manager\package.json
17 silly cache add args [ 'jspdf', null ]
18 verbose cache add spec jspdf
19 silly cache add parsed spec Result {
19 silly cache add   raw: 'jspdf',
19 silly cache add   scope: null,
19 silly cache add   name: 'jspdf',
19 silly cache add   rawSpec: '',
19 silly cache add   spec: 'latest',
19 silly cache add   type: 'tag' }
20 silly addNamed jspdf@latest
21 verbose addNamed "latest" is being treated as a dist-tag for jspdf
22 info addNameTag [ 'jspdf', 'latest' ]
23 silly mapToRegistry name jspdf
24 silly mapToRegistry using default registry
25 silly mapToRegistry registry https://registry.npmjs.org/
26 silly mapToRegistry data Result {
26 silly mapToRegistry   raw: 'jspdf',
26 silly mapToRegistry   scope: null,
26 silly mapToRegistry   name: 'jspdf',
26 silly mapToRegistry   rawSpec: '',
26 silly mapToRegistry   spec: 'latest',
26 silly mapToRegistry   type: 'tag' }
27 silly mapToRegistry uri https://registry.npmjs.org/jspdf
28 verbose addNameTag registry:https://registry.npmjs.org/jspdf not in flight; fetching
29 verbose request uri https://registry.npmjs.org/jspdf
30 verbose request no auth needed
31 info attempt registry request try #1 at 16:39:26
32 verbose request id b6a3a211e835800f
33 http request GET https://registry.npmjs.org/jspdf
34 http 200 https://registry.npmjs.org/jspdf
35 verbose headers { server: 'nginx/1.10.1',
35 verbose headers   'content-type': 'application/json',
35 verbose headers   'last-modified': 'Thu, 23 Feb 2017 15:32:02 GMT',
35 verbose headers   etag: 'W/"58af0072-3923"',
35 verbose headers   'content-encoding': 'gzip',
35 verbose headers   'cache-control': 'max-age=300',
35 verbose headers   'content-length': '3899',
35 verbose headers   'accept-ranges': 'bytes',
35 verbose headers   date: 'Thu, 23 Feb 2017 19:39:27 GMT',
35 verbose headers   via: '1.1 varnish',
35 verbose headers   age: '0',
35 verbose headers   connection: 'keep-alive',
35 verbose headers   'x-served-by': 'cache-lcy1143-LCY',
35 verbose headers   'x-cache': 'HIT',
35 verbose headers   'x-cache-hits': '1',
35 verbose headers   'x-timer': 'S1487878767.285572,VS0,VE17',
35 verbose headers   vary: 'Accept-Encoding' }
36 silly get cb [ 200,
36 silly get   { server: 'nginx/1.10.1',
36 silly get     'content-type': 'application/json',
36 silly get     'last-modified': 'Thu, 23 Feb 2017 15:32:02 GMT',
36 silly get     etag: 'W/"58af0072-3923"',
36 silly get     'content-encoding': 'gzip',
36 silly get     'cache-control': 'max-age=300',
36 silly get     'content-length': '3899',
36 silly get     'accept-ranges': 'bytes',
36 silly get     date: 'Thu, 23 Feb 2017 19:39:27 GMT',
36 silly get     via: '1.1 varnish',
36 silly get     age: '0',
36 silly get     connection: 'keep-alive',
36 silly get     'x-served-by': 'cache-lcy1143-LCY',
36 silly get     'x-cache': 'HIT',
36 silly get     'x-cache-hits': '1',
36 silly get     'x-timer': 'S1487878767.285572,VS0,VE17',
36 silly get     vary: 'Accept-Encoding' } ]
37 verbose get saving jspdf to C:\Users\user\AppData\Roaming\npm-cache\registry.npmjs.org\jspdf\.cache.json
38 verbose correctMkdir C:\Users\user\AppData\Roaming\npm-cache correctMkdir not in flight; initializing
39 silly addNameTag next cb for jspdf with tag latest
40 silly addNamed jspdf@1.3.3
41 verbose addNamed "1.3.3" is a plain semver version for jspdf
42 silly mapToRegistry name jspdf
43 silly mapToRegistry using default registry
44 silly mapToRegistry registry https://registry.npmjs.org/
45 silly mapToRegistry data Result {
45 silly mapToRegistry   raw: 'jspdf',
45 silly mapToRegistry   scope: null,
45 silly mapToRegistry   name: 'jspdf',
45 silly mapToRegistry   rawSpec: '',
45 silly mapToRegistry   spec: 'latest',
45 silly mapToRegistry   type: 'tag' }
46 silly mapToRegistry uri https://registry.npmjs.org/jspdf
47 verbose addRemoteTarball https://registry.npmjs.org/jspdf/-/jspdf-1.3.3.tgz not in flight; adding
48 verbose addRemoteTarball [ 'https://registry.npmjs.org/jspdf/-/jspdf-1.3.3.tgz',
48 verbose addRemoteTarball   'b3b76d6256acbd2032bfe96cf88304696e11de0c' ]
49 info retry fetch attempt 1 at 16:39:28
50 info attempt registry request try #1 at 16:39:28
51 http fetch GET https://registry.npmjs.org/jspdf/-/jspdf-1.3.3.tgz
52 http fetch 200 https://registry.npmjs.org/jspdf/-/jspdf-1.3.3.tgz
53 silly fetchAndShaCheck shasum b3b76d6256acbd2032bfe96cf88304696e11de0c
54 verbose addTmpTarball C:\Users\user\AppData\Local\Temp\npm-9212-5f1b9d54\registry.npmjs.org\jspdf\-\jspdf-1.3.3.tgz not in flight; adding
55 verbose addTmpTarball already have metadata; skipping unpack for jspdf@1.3.3
56 verbose correctMkdir C:\Users\user\AppData\Roaming\npm-cache correctMkdir not in flight; initializing
57 silly cache afterAdd jspdf@1.3.3
58 verbose afterAdd C:\Users\user\AppData\Roaming\npm-cache\jspdf\1.3.3\package\package.json not in flight; writing
59 verbose correctMkdir C:\Users\user\AppData\Roaming\npm-cache correctMkdir not in flight; initializing
60 verbose afterAdd C:\Users\user\AppData\Roaming\npm-cache\jspdf\1.3.3\package\package.json written
61 silly install resolved [ { name: 'jspdf',
61 silly install resolved     version: '1.3.3',
61 silly install resolved     homepage: 'https://github.com/mrrio/jspdf',
61 silly install resolved     description: 'PDF Document creation from JavaScript',
61 silly install resolved     main: 'dist/jspdf.debug.js',
61 silly install resolved     files: [ 'dist/jspdf.debug.js', 'dist/jspdf.min.js', 'README.md' ],
61 silly install resolved     keywords: [ 'pdf' ],
61 silly install resolved     license: 'MIT',
61 silly install resolved     repository: { type: 'git', url: 'git+https://github.com/MrRio/jsPDF.git' },
61 silly install resolved     dependencies:
61 silly install resolved      { adler32cs: 'github:chick307/adler32cs.js',
61 silly install resolved        'cf-blob.js': '0.0.1',
61 silly install resolved        'filesaver.js': 'github:andyinabox/FileSaver.js' },
61 silly install resolved     devDependencies:
61 silly install resolved      { 'babel-preset-es2015': '6.16.0',
61 silly install resolved        'babel-preset-es2015-rollup': '1.2.0',
61 silly install resolved        'codeclimate-test-reporter': '^0.4.0',
61 silly install resolved        diff: '3.0.0',
61 silly install resolved        docdash: '0.4.0',
61 silly install resolved        jasmine: '2.5.2',
61 silly install resolved        'js-yaml': '3.6.1',
61 silly install resolved        jsdoc: '3.4.2',
61 silly install resolved        karma: '1.3.0',
61 silly install resolved        'karma-babel-preprocessor': '6.0.1',
61 silly install resolved        'karma-chrome-launcher': '2.0.0',
61 silly install resolved        'karma-coverage': '1.1.1',
61 silly install resolved        'karma-firefox-launcher': '1.0.0',
61 silly install resolved        'karma-jasmine': '1.0.2',
61 silly install resolved        'karma-mocha-reporter': '^2.2.0',
61 silly install resolved        'karma-sauce-launcher': '1.0.0',
61 silly install resolved        'local-web-server': '1.2.6',
61 silly install resolved        markdown: '^0.5.0',
61 silly install resolved        'pdfjs-dist': '1.6.283',
61 silly install resolved        rollup: '0.36.3',
61 silly install resolved        'rollup-plugin-babel': '2.6.1',
61 silly install resolved        'uglify-js': '2.7.3' },
61 silly install resolved     scripts:
61 silly install resolved      { start: 'ws',
61 silly install resolved        build: 'npm install && bower install && node build.js',
61 silly install resolved        version: 'npm run build && git add -A dist',
61 silly install resolved        test: 'karma start saucelabs.karma.conf.js --single-run && for a in coverage/*; do codeclimate-test-reporter < "$a/lcov.info"; break; done',
61 silly install resolved        'test-local': 'node tests/utils/reference-server.js & karma start',
61 silly install resolved        'generate-docs': 'jsdoc -c jsdoc.json --readme README.md' },
61 silly install resolved     gitHead: 'ac12a246456496d509be585d0fa504da55aef96e',
61 silly install resolved     bugs: { url: 'https://github.com/MrRio/jsPDF/issues' },
61 silly install resolved     _id: 'jspdf@1.3.3',
61 silly install resolved     _shasum: 'b3b76d6256acbd2032bfe96cf88304696e11de0c',
61 silly install resolved     _from: 'jspdf@latest',
61 silly install resolved     _npmVersion: '3.10.10',
61 silly install resolved     _nodeVersion: '7.3.0',
61 silly install resolved     _npmUser: { name: 'mrjameshall', email: 'james@parall.ax' },
61 silly install resolved     dist:
61 silly install resolved      { shasum: 'b3b76d6256acbd2032bfe96cf88304696e11de0c',
61 silly install resolved        tarball: 'https://registry.npmjs.org/jspdf/-/jspdf-1.3.3.tgz' },
61 silly install resolved     maintainers: [ [Object] ],
61 silly install resolved     _npmOperationalInternal:
61 silly install resolved      { host: 'packages-12-west.internal.npmjs.com',
61 silly install resolved        tmp: 'tmp/jspdf-1.3.3.tgz_1487863919865_0.06361962133087218' },
61 silly install resolved     directories: {},
61 silly install resolved     _resolved: 'https://registry.npmjs.org/jspdf/-/jspdf-1.3.3.tgz' } ]
62 info install jspdf@1.3.3 into C:\Users\user\Documents\Proyectos\tdm_manager
63 info installOne jspdf@1.3.3
64 verbose installOne of jspdf to C:\Users\user\Documents\Proyectos\tdm_manager not in flight; installing
65 verbose correctMkdir C:\Users\user\AppData\Roaming\npm-cache\_locks correctMkdir not in flight; initializing
66 verbose lock using C:\Users\user\AppData\Roaming\npm-cache\_locks\jspdf-261d8e2279684d60.lock for C:\Users\user\Documents\Proyectos\tdm_manager\node_modules\jspdf
67 silly install write writing jspdf 1.3.3 to C:\Users\user\Documents\Proyectos\tdm_manager\node_modules\jspdf
68 verbose unbuild node_modules\jspdf
69 silly gentlyRm C:\Users\user\Documents\Proyectos\tdm_manager\node_modules\jspdf is being purged from base C:\Users\user\Documents\Proyectos\tdm_manager
70 verbose gentlyRm don't care about contents; nuking C:\Users\user\Documents\Proyectos\tdm_manager\node_modules\jspdf
71 verbose tar unpack C:\Users\user\AppData\Roaming\npm-cache\jspdf\1.3.3\package.tgz
72 verbose tar unpacking to C:\Users\user\Documents\Proyectos\tdm_manager\node_modules\jspdf
73 silly gentlyRm C:\Users\user\Documents\Proyectos\tdm_manager\node_modules\jspdf is being purged
74 verbose gentlyRm don't care about contents; nuking C:\Users\user\Documents\Proyectos\tdm_manager\node_modules\jspdf
75 silly gunzTarPerm modes [ '777', '666' ]
76 silly gunzTarPerm extractEntry package.json
77 silly gunzTarPerm modified mode [ 'package.json', 420, 438 ]
78 silly gunzTarPerm extractEntry README.md
79 silly gunzTarPerm modified mode [ 'README.md', 420, 438 ]
80 silly gunzTarPerm extractEntry dist/jspdf.debug.js
81 silly gunzTarPerm modified mode [ 'dist/jspdf.debug.js', 420, 438 ]
82 silly gunzTarPerm extractEntry dist/jspdf.min.js
83 silly gunzTarPerm modified mode [ 'dist/jspdf.min.js', 420, 438 ]
84 verbose write writing to C:\Users\user\Documents\Proyectos\tdm_manager\node_modules\jspdf\package.json
85 info preinstall jspdf@1.3.3
86 verbose readDependencies loading dependencies from C:\Users\user\Documents\Proyectos\tdm_manager\node_modules\jspdf\package.json
87 silly prepareForInstallMany adding adler32cs@github:chick307/adler32cs.js from jspdf dependencies
88 silly prepareForInstallMany adding cf-blob.js@0.0.1 from jspdf dependencies
89 silly prepareForInstallMany adding filesaver.js@github:andyinabox/FileSaver.js from jspdf dependencies
90 verbose readDependencies loading dependencies from C:\Users\user\Documents\Proyectos\tdm_manager\node_modules\jspdf\package.json
91 silly cache add args [ 'adler32cs@github:chick307/adler32cs.js', null ]
92 verbose cache add spec adler32cs@github:chick307/adler32cs.js
93 silly cache add args [ 'cf-blob.js@0.0.1', null ]
94 verbose cache add spec cf-blob.js@0.0.1
95 silly cache add parsed spec Result {
95 silly cache add   raw: 'cf-blob.js@0.0.1',
95 silly cache add   scope: null,
95 silly cache add   name: 'cf-blob.js',
95 silly cache add   rawSpec: '0.0.1',
95 silly cache add   spec: '0.0.1',
95 silly cache add   type: 'version' }
96 silly addNamed cf-blob.js@0.0.1
97 verbose addNamed "0.0.1" is a plain semver version for cf-blob.js
98 silly mapToRegistry name cf-blob.js
99 silly mapToRegistry using default registry
100 silly mapToRegistry registry https://registry.npmjs.org/
101 silly mapToRegistry data Result {
101 silly mapToRegistry   raw: 'cf-blob.js',
101 silly mapToRegistry   scope: null,
101 silly mapToRegistry   name: 'cf-blob.js',
101 silly mapToRegistry   rawSpec: '',
101 silly mapToRegistry   spec: 'latest',
101 silly mapToRegistry   type: 'tag' }
102 silly mapToRegistry uri https://registry.npmjs.org/cf-blob.js
103 verbose addNameVersion registry:https://registry.npmjs.org/cf-blob.js not in flight; fetching
104 silly cache add args [ 'filesaver.js@github:andyinabox/FileSaver.js', null ]
105 verbose cache add spec filesaver.js@github:andyinabox/FileSaver.js
106 silly cache add parsed spec Result {
106 silly cache add   raw: 'adler32cs@github:chick307/adler32cs.js',
106 silly cache add   scope: null,
106 silly cache add   name: 'adler32cs',
106 silly cache add   rawSpec: 'github:chick307/adler32cs.js',
106 silly cache add   spec: 'github:chick307/adler32cs.js',
106 silly cache add   type: 'hosted',
106 silly cache add   hosted:
106 silly cache add    { type: 'github',
106 silly cache add      ssh: 'git@github.com:chick307/adler32cs.js.git',
106 silly cache add      sshUrl: 'git+ssh://git@github.com/chick307/adler32cs.js.git',
106 silly cache add      httpsUrl: 'git+https://github.com/chick307/adler32cs.js.git',
106 silly cache add      gitUrl: 'git://github.com/chick307/adler32cs.js.git',
106 silly cache add      shortcut: 'github:chick307/adler32cs.js',
106 silly cache add      directUrl: 'https://raw.githubusercontent.com/chick307/adler32cs.js/master/package.json' } }
107 verbose addRemoteGit caching github:chick307/adler32cs.js
108 verbose addRemoteGit chick307/adler32cs.js is a repository hosted by github
109 silly tryGitProto attempting to clone git://github.com/chick307/adler32cs.js.git
110 silly tryClone cloning chick307/adler32cs.js via git://github.com/chick307/adler32cs.js.git
111 verbose tryClone git-github-com-chick307-adler32cs-js-git-c2245d41 not in flight; caching
112 verbose correctMkdir C:\Users\user\AppData\Roaming\npm-cache\_git-remotes correctMkdir not in flight; initializing
113 silly cache add parsed spec Result {
113 silly cache add   raw: 'filesaver.js@github:andyinabox/FileSaver.js',
113 silly cache add   scope: null,
113 silly cache add   name: 'filesaver.js',
113 silly cache add   rawSpec: 'github:andyinabox/FileSaver.js',
113 silly cache add   spec: 'github:andyinabox/FileSaver.js',
113 silly cache add   type: 'hosted',
113 silly cache add   hosted:
113 silly cache add    { type: 'github',
113 silly cache add      ssh: 'git@github.com:andyinabox/FileSaver.js.git',
113 silly cache add      sshUrl: 'git+ssh://git@github.com/andyinabox/FileSaver.js.git',
113 silly cache add      httpsUrl: 'git+https://github.com/andyinabox/FileSaver.js.git',
113 silly cache add      gitUrl: 'git://github.com/andyinabox/FileSaver.js.git',
113 silly cache add      shortcut: 'github:andyinabox/FileSaver.js',
113 silly cache add      directUrl: 'https://raw.githubusercontent.com/andyinabox/FileSaver.js/master/package.json' } }
114 verbose addRemoteGit caching github:andyinabox/FileSaver.js
115 verbose addRemoteGit andyinabox/FileSaver.js is a repository hosted by github
116 silly tryGitProto attempting to clone git://github.com/andyinabox/FileSaver.js.git
117 silly tryClone cloning andyinabox/FileSaver.js via git://github.com/andyinabox/FileSaver.js.git
118 verbose tryClone git-github-com-andyinabox-FileSaver-js-git-5bc06486 not in flight; caching
119 verbose correctMkdir C:\Users\user\AppData\Roaming\npm-cache\_git-remotes correctMkdir already in flight; waiting
120 verbose makeDirectory C:\Users\user\AppData\Roaming\npm-cache\_git-remotes creation not in flight; initializing
121 verbose makeCacheDir UID & GID are irrelevant on win32
122 verbose request uri https://registry.npmjs.org/cf-blob.js
123 verbose request no auth needed
124 info attempt registry request try #1 at 16:39:30
125 http request GET https://registry.npmjs.org/cf-blob.js
126 verbose git clone --template=C:\Users\user\AppData\Roaming\npm-cache\_git-remotes\_templates --mirror git://github.com/andyinabox/FileSaver.js.git C:\Users\user\AppData\Roaming\npm-cache\_git-remotes\git-github-com-andyinabox-FileSaver-js-git-5bc06486: undefined
126 verbose git clone --template=C:\Users\user\AppData\Roaming\npm-cache\_git-remotes\_templates --mirror git://github.com/andyinabox/FileSaver.js.git C:\Users\user\AppData\Roaming\npm-cache\_git-remotes\git-github-com-andyinabox-FileSaver-js-git-5bc06486: undefined
127 silly tryHTTPS attempting to clone git+https://github.com/andyinabox/FileSaver.js.git
128 silly tryClone cloning andyinabox/FileSaver.js via git+https://github.com/andyinabox/FileSaver.js.git
129 verbose tryClone https-github-com-andyinabox-FileSaver-js-git-0eca1173 not in flight; caching
130 verbose correctMkdir C:\Users\user\AppData\Roaming\npm-cache\_git-remotes correctMkdir not in flight; initializing
131 verbose git clone --template=C:\Users\user\AppData\Roaming\npm-cache\_git-remotes\_templates --mirror git://github.com/chick307/adler32cs.js.git C:\Users\user\AppData\Roaming\npm-cache\_git-remotes\git-github-com-chick307-adler32cs-js-git-c2245d41: undefined
131 verbose git clone --template=C:\Users\user\AppData\Roaming\npm-cache\_git-remotes\_templates --mirror git://github.com/chick307/adler32cs.js.git C:\Users\user\AppData\Roaming\npm-cache\_git-remotes\git-github-com-chick307-adler32cs-js-git-c2245d41: undefined
132 silly tryHTTPS attempting to clone git+https://github.com/chick307/adler32cs.js.git
133 silly tryClone cloning chick307/adler32cs.js via git+https://github.com/chick307/adler32cs.js.git
134 verbose tryClone https-github-com-chick307-adler32cs-js-git-293ddc4a not in flight; caching
135 verbose correctMkdir C:\Users\user\AppData\Roaming\npm-cache\_git-remotes correctMkdir not in flight; initializing
136 verbose git clone --template=C:\Users\user\AppData\Roaming\npm-cache\_git-remotes\_templates --mirror https://github.com/andyinabox/FileSaver.js.git C:\Users\user\AppData\Roaming\npm-cache\_git-remotes\https-github-com-andyinabox-FileSaver-js-git-0eca1173: undefined
136 verbose git clone --template=C:\Users\user\AppData\Roaming\npm-cache\_git-remotes\_templates --mirror https://github.com/andyinabox/FileSaver.js.git C:\Users\user\AppData\Roaming\npm-cache\_git-remotes\https-github-com-andyinabox-FileSaver-js-git-0eca1173: undefined
137 silly trySSH attempting to clone git@github.com:andyinabox/FileSaver.js.git
138 silly tryClone cloning andyinabox/FileSaver.js via git@github.com:andyinabox/FileSaver.js.git
139 verbose tryClone git-github-com-andyinabox-FileSaver-js-git-390b4e4e not in flight; caching
140 verbose correctMkdir C:\Users\user\AppData\Roaming\npm-cache\_git-remotes correctMkdir not in flight; initializing
141 verbose git clone --template=C:\Users\user\AppData\Roaming\npm-cache\_git-remotes\_templates --mirror https://github.com/chick307/adler32cs.js.git C:\Users\user\AppData\Roaming\npm-cache\_git-remotes\https-github-com-chick307-adler32cs-js-git-293ddc4a: undefined
141 verbose git clone --template=C:\Users\user\AppData\Roaming\npm-cache\_git-remotes\_templates --mirror https://github.com/chick307/adler32cs.js.git C:\Users\user\AppData\Roaming\npm-cache\_git-remotes\https-github-com-chick307-adler32cs-js-git-293ddc4a: undefined
142 silly trySSH attempting to clone git@github.com:chick307/adler32cs.js.git
143 silly tryClone cloning chick307/adler32cs.js via git@github.com:chick307/adler32cs.js.git
144 verbose tryClone git-github-com-chick307-adler32cs-js-git-9deadb11 not in flight; caching
145 verbose correctMkdir C:\Users\user\AppData\Roaming\npm-cache\_git-remotes correctMkdir not in flight; initializing
146 error git clone --template=C:\Users\user\AppData\Roaming\npm-cache\_git-remotes\_templates --mirror git@github.com:andyinabox/FileSaver.js.git C:\Users\user\AppData\Roaming\npm-cache\_git-remotes\git-github-com-andyinabox-FileSaver-js-git-390b4e4e: undefined
146 error git clone --template=C:\Users\user\AppData\Roaming\npm-cache\_git-remotes\_templates --mirror git@github.com:andyinabox/FileSaver.js.git C:\Users\user\AppData\Roaming\npm-cache\_git-remotes\git-github-com-andyinabox-FileSaver-js-git-390b4e4e: undefined
147 error git clone --template=C:\Users\user\AppData\Roaming\npm-cache\_git-remotes\_templates --mirror git@github.com:chick307/adler32cs.js.git C:\Users\user\AppData\Roaming\npm-cache\_git-remotes\git-github-com-chick307-adler32cs-js-git-9deadb11: undefined
147 error git clone --template=C:\Users\user\AppData\Roaming\npm-cache\_git-remotes\_templates --mirror git@github.com:chick307/adler32cs.js.git C:\Users\user\AppData\Roaming\npm-cache\_git-remotes\git-github-com-chick307-adler32cs-js-git-9deadb11: undefined
148 http 200 https://registry.npmjs.org/cf-blob.js
149 verbose headers { server: 'nginx/1.10.1',
149 verbose headers   'content-type': 'application/json',
149 verbose headers   'last-modified': 'Sun, 06 Dec 2015 19:47:35 GMT',
149 verbose headers   etag: 'W/"566490d7-6e6"',
149 verbose headers   'content-encoding': 'gzip',
149 verbose headers   'cache-control': 'max-age=300',
149 verbose headers   'content-length': '739',
149 verbose headers   'accept-ranges': 'bytes',
149 verbose headers   date: 'Thu, 23 Feb 2017 19:39:29 GMT',
149 verbose headers   via: '1.1 varnish',
149 verbose headers   age: '0',
149 verbose headers   connection: 'keep-alive',
149 verbose headers   'x-served-by': 'cache-lcy1143-LCY',
149 verbose headers   'x-cache': 'MISS',
149 verbose headers   'x-cache-hits': '0',
149 verbose headers   'x-timer': 'S1487878769.791369,VS0,VE105',
149 verbose headers   vary: 'Accept-Encoding' }
150 silly get cb [ 200,
150 silly get   { server: 'nginx/1.10.1',
150 silly get     'content-type': 'application/json',
150 silly get     'last-modified': 'Sun, 06 Dec 2015 19:47:35 GMT',
150 silly get     etag: 'W/"566490d7-6e6"',
150 silly get     'content-encoding': 'gzip',
150 silly get     'cache-control': 'max-age=300',
150 silly get     'content-length': '739',
150 silly get     'accept-ranges': 'bytes',
150 silly get     date: 'Thu, 23 Feb 2017 19:39:29 GMT',
150 silly get     via: '1.1 varnish',
150 silly get     age: '0',
150 silly get     connection: 'keep-alive',
150 silly get     'x-served-by': 'cache-lcy1143-LCY',
150 silly get     'x-cache': 'MISS',
150 silly get     'x-cache-hits': '0',
150 silly get     'x-timer': 'S1487878769.791369,VS0,VE105',
150 silly get     vary: 'Accept-Encoding' } ]
151 verbose get saving cf-blob.js to C:\Users\user\AppData\Roaming\npm-cache\registry.npmjs.org\cf-blob.js\.cache.json
152 verbose correctMkdir C:\Users\user\AppData\Roaming\npm-cache correctMkdir not in flight; initializing
153 silly mapToRegistry name cf-blob.js
154 silly mapToRegistry using default registry
155 silly mapToRegistry registry https://registry.npmjs.org/
156 silly mapToRegistry data Result {
156 silly mapToRegistry   raw: 'cf-blob.js',
156 silly mapToRegistry   scope: null,
156 silly mapToRegistry   name: 'cf-blob.js',
156 silly mapToRegistry   rawSpec: '',
156 silly mapToRegistry   spec: 'latest',
156 silly mapToRegistry   type: 'tag' }
157 silly mapToRegistry uri https://registry.npmjs.org/cf-blob.js
158 verbose addRemoteTarball https://registry.npmjs.org/cf-blob.js/-/cf-blob.js-0.0.1.tgz not in flight; adding
159 verbose addRemoteTarball [ 'https://registry.npmjs.org/cf-blob.js/-/cf-blob.js-0.0.1.tgz',
159 verbose addRemoteTarball   'f5ab7e12e798caf08ccf828c69aba0f063d83f99' ]
160 info retry fetch attempt 1 at 16:39:30
161 info attempt registry request try #1 at 16:39:30
162 http fetch GET https://registry.npmjs.org/cf-blob.js/-/cf-blob.js-0.0.1.tgz
163 http fetch 200 https://registry.npmjs.org/cf-blob.js/-/cf-blob.js-0.0.1.tgz
164 silly fetchAndShaCheck shasum f5ab7e12e798caf08ccf828c69aba0f063d83f99
165 verbose addTmpTarball C:\Users\user\AppData\Local\Temp\npm-9212-5f1b9d54\registry.npmjs.org\cf-blob.js\-\cf-blob.js-0.0.1.tgz not in flight; adding
166 verbose addTmpTarball already have metadata; skipping unpack for cf-blob.js@0.0.1
167 verbose correctMkdir C:\Users\user\AppData\Roaming\npm-cache correctMkdir not in flight; initializing
168 silly cache afterAdd cf-blob.js@0.0.1
169 verbose afterAdd C:\Users\user\AppData\Roaming\npm-cache\cf-blob.js\0.0.1\package\package.json not in flight; writing
170 verbose correctMkdir C:\Users\user\AppData\Roaming\npm-cache correctMkdir not in flight; initializing
171 verbose afterAdd C:\Users\user\AppData\Roaming\npm-cache\cf-blob.js\0.0.1\package\package.json written
172 verbose about to build C:\Users\user\Documents\Proyectos\tdm_manager\node_modules\jspdf
173 verbose unlock done using C:\Users\user\AppData\Roaming\npm-cache\_locks\jspdf-261d8e2279684d60.lock for C:\Users\user\Documents\Proyectos\tdm_manager\node_modules\jspdf
174 verbose stack Error: not found: git
174 verbose stack     at getNotFoundError (C:\Program Files\nodejs\node_modules\npm\node_modules\which\which.js:14:12)
174 verbose stack     at F (C:\Program Files\nodejs\node_modules\npm\node_modules\which\which.js:69:19)
174 verbose stack     at E (C:\Program Files\nodejs\node_modules\npm\node_modules\which\which.js:81:29)
174 verbose stack     at C:\Program Files\nodejs\node_modules\npm\node_modules\which\which.js:90:16
174 verbose stack     at C:\Program Files\nodejs\node_modules\npm\node_modules\which\node_modules\isexe\index.js:44:5
174 verbose stack     at C:\Program Files\nodejs\node_modules\npm\node_modules\which\node_modules\isexe\windows.js:29:5
174 verbose stack     at FSReqWrap.oncomplete (fs.js:82:15)
175 verbose cwd C:\Users\user\Documents\Proyectos\tdm_manager
176 error Windows_NT 10.0.14393
177 error argv "C:\\Program Files\\nodejs\\node.exe" "C:\\Program Files\\nodejs\\node_modules\\npm\\bin\\npm-cli.js" "install" "jspdf"
178 error node v4.6.0
179 error npm  v2.15.9
180 error code ENOGIT
181 error not found: git
182 error Failed using git.
182 error This is most likely not a problem with npm itself.
182 error Please check if you have git installed and in your PATH.
183 verbose exit [ 1, true ]
184 verbose unbuild node_modules\jspdf
185 info preuninstall jspdf@1.3.3
186 info uninstall jspdf@1.3.3
187 verbose unbuild rmStuff jspdf@1.3.3 from C:\Users\user\Documents\Proyectos\tdm_manager\node_modules
188 info postuninstall jspdf@1.3.3
189 silly gentlyRm C:\Users\user\Documents\Proyectos\tdm_manager\node_modules\jspdf is being purged from base C:\Users\user\Documents\Proyectos\tdm_manager
190 verbose gentlyRm don't care about contents; nuking C:\Users\user\Documents\Proyectos\tdm_manager\node_modules\jspdf
191 silly vacuum-fs purging C:\Users\user\Documents\Proyectos\tdm_manager\node_modules\jspdf
192 silly vacuum-fs quitting because other entries in C:\Users\user\Documents\Proyectos\tdm_manager\node_modules
